<?xml version="1.0" encoding="UTF-8"?>
<!-- Generated by org.testng.reporters.JUnitXMLReporter -->
<testsuite ignored="0" hostname="RASH" failures="0" tests="3" name="Default test" time="9.875" errors="0" timestamp="2024-03-19T18:59:32 EDT">
  <testcase classname="com.Autoomation.Talks.demoProj1.test01" name="atTest1" time="1.413"/>
  <testcase classname="com.Autoomation.Talks.demoProj1.test01" name="atTest2" time="1.272"/>
  <testcase classname="com.Autoomation.Talks.demoProj1.test01" name="atTest3" time="1.46"/>
</testsuite> <!-- Default test -->
