<?xml version="1.0" encoding="UTF-8"?>
<!-- Generated by org.testng.reporters.JUnitXMLReporter -->
<testsuite ignored="0" hostname="RASH" failures="0" tests="3" name="Test" time="8.493" errors="0" timestamp="2024-03-19T19:09:01 EDT">
  <testcase classname="com.Autoomation.Talks.demoProj1.test01" name="atTest1" time="1.278"/>
  <testcase classname="com.Autoomation.Talks.demoProj1.test01" name="atTest2" time="1.177"/>
  <testcase classname="com.Autoomation.Talks.demoProj1.test01" name="atTest3" time="1.298"/>
</testsuite> <!-- Test -->
