<?xml version="1.0" encoding="UTF-8"?>
<testng-results ignored="0" total="3" passed="3" failed="0" skipped="0">
  <reporter-output>
  </reporter-output>
  <suite started-at="2024-03-19T19:08:52 EDT" name="Suite" finished-at="2024-03-19T19:09:01 EDT" duration-ms="8493">
    <groups>
    </groups>
    <test started-at="2024-03-19T19:08:52 EDT" name="Test" finished-at="2024-03-19T19:09:01 EDT" duration-ms="8493">
      <class name="com.Autoomation.Talks.demoProj1.test01">
        <test-method is-config="true" signature="launchBrowser()[pri:0, instance:com.Autoomation.Talks.demoProj1.test01@b62d79]" started-at="2024-03-19T19:08:52 EDT" name="launchBrowser" finished-at="2024-03-19T19:08:54 EDT" duration-ms="2146" status="PASS">
          <reporter-output>
          </reporter-output>
        </test-method> <!-- launchBrowser -->
        <test-method signature="atTest1()[pri:0, instance:com.Autoomation.Talks.demoProj1.test01@b62d79]" started-at="2024-03-19T19:08:54 EDT" name="atTest1" finished-at="2024-03-19T19:08:56 EDT" duration-ms="1278" status="PASS">
          <reporter-output>
          </reporter-output>
        </test-method> <!-- atTest1 -->
        <test-method is-config="true" signature="closeBrowser()[pri:0, instance:com.Autoomation.Talks.demoProj1.test01@b62d79]" started-at="2024-03-19T19:08:56 EDT" name="closeBrowser" finished-at="2024-03-19T19:08:56 EDT" duration-ms="100" status="PASS">
          <reporter-output>
          </reporter-output>
        </test-method> <!-- closeBrowser -->
        <test-method is-config="true" signature="launchBrowser()[pri:0, instance:com.Autoomation.Talks.demoProj1.test01@b62d79]" started-at="2024-03-19T19:08:56 EDT" name="launchBrowser" finished-at="2024-03-19T19:08:57 EDT" duration-ms="1110" status="PASS">
          <reporter-output>
          </reporter-output>
        </test-method> <!-- launchBrowser -->
        <test-method signature="atTest2()[pri:0, instance:com.Autoomation.Talks.demoProj1.test01@b62d79]" started-at="2024-03-19T19:08:57 EDT" name="atTest2" finished-at="2024-03-19T19:08:58 EDT" duration-ms="1177" status="PASS">
          <reporter-output>
          </reporter-output>
        </test-method> <!-- atTest2 -->
        <test-method is-config="true" signature="closeBrowser()[pri:0, instance:com.Autoomation.Talks.demoProj1.test01@b62d79]" started-at="2024-03-19T19:08:58 EDT" name="closeBrowser" finished-at="2024-03-19T19:08:58 EDT" duration-ms="88" status="PASS">
          <reporter-output>
          </reporter-output>
        </test-method> <!-- closeBrowser -->
        <test-method is-config="true" signature="launchBrowser()[pri:0, instance:com.Autoomation.Talks.demoProj1.test01@b62d79]" started-at="2024-03-19T19:08:58 EDT" name="launchBrowser" finished-at="2024-03-19T19:08:59 EDT" duration-ms="1114" status="PASS">
          <reporter-output>
          </reporter-output>
        </test-method> <!-- launchBrowser -->
        <test-method signature="atTest3()[pri:0, instance:com.Autoomation.Talks.demoProj1.test01@b62d79]" started-at="2024-03-19T19:08:59 EDT" name="atTest3" finished-at="2024-03-19T19:09:00 EDT" duration-ms="1298" status="PASS">
          <reporter-output>
          </reporter-output>
        </test-method> <!-- atTest3 -->
        <test-method is-config="true" signature="closeBrowser()[pri:0, instance:com.Autoomation.Talks.demoProj1.test01@b62d79]" started-at="2024-03-19T19:09:00 EDT" name="closeBrowser" finished-at="2024-03-19T19:09:01 EDT" duration-ms="130" status="PASS">
          <reporter-output>
          </reporter-output>
        </test-method> <!-- closeBrowser -->
      </class> <!-- com.Autoomation.Talks.demoProj1.test01 -->
    </test> <!-- Test -->
  </suite> <!-- Suite -->
</testng-results>
