<?xml version="1.0" encoding="UTF-8"?>
<testsuite xmlns:xsi="http://www.w3.org/2001/XMLSchema-instance" xsi:noNamespaceSchemaLocation="https://maven.apache.org/surefire/maven-surefire-plugin/xsd/surefire-test-report.xsd" name="TestSuite" time="8.938" tests="3" errors="0" skipped="0" failures="0">
  <properties>
[...]
</properties>
  <testcase name="atTest1" classname="com.Autoomation.Talks.demoProj1.test01" time="1.28"/>
  <testcase name="atTest2" classname="com.Autoomation.Talks.demoProj1.test01" time="1.177"/>
  <testcase name="atTest3" classname="com.Autoomation.Talks.demoProj1.test01" time="1.297"/>
</testsuite>