<?xml version="1.0" encoding="UTF-8"?>
<testng-results ignored="0" total="3" passed="3" failed="0" skipped="0">
  <reporter-output>
  </reporter-output>
  <suite started-at="2024-03-19T18:59:22 EDT" name="Default suite" finished-at="2024-03-19T18:59:32 EDT" duration-ms="9875">
    <groups>
    </groups>
    <test started-at="2024-03-19T18:59:22 EDT" name="Default test" finished-at="2024-03-19T18:59:32 EDT" duration-ms="9875">
      <class name="com.Autoomation.Talks.demoProj1.test01">
        <test-method is-config="true" signature="launchBrowser()[pri:0, instance:com.Autoomation.Talks.demoProj1.test01@55634720]" started-at="2024-03-19T18:59:22 EDT" name="launchBrowser" finished-at="2024-03-19T18:59:25 EDT" duration-ms="3052" status="PASS">
          <reporter-output>
          </reporter-output>
        </test-method> <!-- launchBrowser -->
        <test-method signature="atTest1()[pri:0, instance:com.Autoomation.Talks.demoProj1.test01@55634720]" started-at="2024-03-19T18:59:25 EDT" name="atTest1" finished-at="2024-03-19T18:59:26 EDT" duration-ms="1413" status="PASS">
          <reporter-output>
          </reporter-output>
        </test-method> <!-- atTest1 -->
        <test-method is-config="true" signature="closeBrowser()[pri:0, instance:com.Autoomation.Talks.demoProj1.test01@55634720]" started-at="2024-03-19T18:59:26 EDT" name="closeBrowser" finished-at="2024-03-19T18:59:27 EDT" duration-ms="121" status="PASS">
          <reporter-output>
          </reporter-output>
        </test-method> <!-- closeBrowser -->
        <test-method is-config="true" signature="launchBrowser()[pri:0, instance:com.Autoomation.Talks.demoProj1.test01@55634720]" started-at="2024-03-19T18:59:27 EDT" name="launchBrowser" finished-at="2024-03-19T18:59:28 EDT" duration-ms="1126" status="PASS">
          <reporter-output>
          </reporter-output>
        </test-method> <!-- launchBrowser -->
        <test-method signature="atTest2()[pri:0, instance:com.Autoomation.Talks.demoProj1.test01@55634720]" started-at="2024-03-19T18:59:28 EDT" name="atTest2" finished-at="2024-03-19T18:59:29 EDT" duration-ms="1272" status="PASS">
          <reporter-output>
          </reporter-output>
        </test-method> <!-- atTest2 -->
        <test-method is-config="true" signature="closeBrowser()[pri:0, instance:com.Autoomation.Talks.demoProj1.test01@55634720]" started-at="2024-03-19T18:59:29 EDT" name="closeBrowser" finished-at="2024-03-19T18:59:29 EDT" duration-ms="109" status="PASS">
          <reporter-output>
          </reporter-output>
        </test-method> <!-- closeBrowser -->
        <test-method is-config="true" signature="launchBrowser()[pri:0, instance:com.Autoomation.Talks.demoProj1.test01@55634720]" started-at="2024-03-19T18:59:29 EDT" name="launchBrowser" finished-at="2024-03-19T18:59:30 EDT" duration-ms="1148" status="PASS">
          <reporter-output>
          </reporter-output>
        </test-method> <!-- launchBrowser -->
        <test-method signature="atTest3()[pri:0, instance:com.Autoomation.Talks.demoProj1.test01@55634720]" started-at="2024-03-19T18:59:30 EDT" name="atTest3" finished-at="2024-03-19T18:59:32 EDT" duration-ms="1460" status="PASS">
          <reporter-output>
          </reporter-output>
        </test-method> <!-- atTest3 -->
        <test-method is-config="true" signature="closeBrowser()[pri:0, instance:com.Autoomation.Talks.demoProj1.test01@55634720]" started-at="2024-03-19T18:59:32 EDT" name="closeBrowser" finished-at="2024-03-19T18:59:32 EDT" duration-ms="122" status="PASS">
          <reporter-output>
          </reporter-output>
        </test-method> <!-- closeBrowser -->
      </class> <!-- com.Autoomation.Talks.demoProj1.test01 -->
    </test> <!-- Default test -->
  </suite> <!-- Default suite -->
</testng-results>
